2022/12/09 14:08:23 Config:
2022/12/09 14:08:23   base-directory: static
2022/12/09 14:08:23   http-addr: :80
2022/12/09 14:08:23   https-addr: :443
2022/12/09 14:08:23   lets-encrypt-domains: [example.com]
2022/12/09 14:08:23   self-signed-domains: [localhost 127.0.0.1]
2022/12/09 14:08:23   terminate-on-certificate-expiry: false
2022/12/09 14:08:23   certificate-expiry-refresh-threshold: 48h0m0s
2022/12/09 14:08:23   max-request-timeout: 15s
2022/12/09 14:08:23   max-response-timeout: 1m0s
2022/12/09 14:08:23   serve-files-not-in-cache: false
2022/12/09 14:08:23   max-cacheable-file-size: 10485760
2022/12/09 14:08:23   jail-process: true
2022/12/09 14:08:23   log-requests: true
2022/12/09 14:08:23   log-file: server.log
2022/12/09 14:08:23 Checking certificates...
2022/12/09 14:08:23   Created self signed certificate for: localhost
2022/12/09 14:08:23   Created self signed certificate for: 127.0.0.1
2022/12/09 14:08:25   Created self signed certificate for: example.com
2022/12/09 14:08:25 Caching files...
2022/12/09 14:08:25   /SourceSansPro-Bold.ttf
2022/12/09 14:08:25   /SourceSansPro-Regular.ttf
2022/12/09 14:08:25   /favicon.ico
2022/12/09 14:08:25   /impressum.html
2022/12/09 14:08:25   /index.html
2022/12/09 14:08:25  Warning, file too large for caching: /istoolarge.file
2022/12/09 14:08:25   /logo.svg
2022/12/09 14:08:25   /style.css
2022/12/09 14:08:25   /tstsubdir/index2.html
2022/12/09 14:08:25 Starting HTTP server on :80
2022/12/09 14:08:25 Starting HTTPS server on :443
2022/12/09 14:08:25 listen tcp :443: bind: permission denied
2022/12/09 14:10:56 Config:
2022/12/09 14:10:56   base-directory: static
2022/12/09 14:10:56   http-addr: :80
2022/12/09 14:10:56   https-addr: :443
2022/12/09 14:10:56   lets-encrypt-domains: [example.com]
2022/12/09 14:10:56   self-signed-domains: [localhost 127.0.0.1]
2022/12/09 14:10:56   terminate-on-certificate-expiry: false
2022/12/09 14:10:56   certificate-expiry-refresh-threshold: 48h0m0s
2022/12/09 14:10:56   max-request-timeout: 15s
2022/12/09 14:10:56   max-response-timeout: 1m0s
2022/12/09 14:10:56   serve-files-not-in-cache: false
2022/12/09 14:10:56   max-cacheable-file-size: 10485760
2022/12/09 14:10:56   jail-process: true
2022/12/09 14:10:56   log-requests: true
2022/12/09 14:10:56   log-file: server.log
2022/12/09 14:10:56 Checking certificates...
2022/12/09 14:10:57   Created self signed certificate for: localhost
2022/12/09 14:10:57   Created self signed certificate for: 127.0.0.1
2022/12/09 14:10:59   Created self signed certificate for: example.com
2022/12/09 14:10:59 Caching files...
2022/12/09 14:10:59   /SourceSansPro-Bold.ttf
2022/12/09 14:10:59   /SourceSansPro-Regular.ttf
2022/12/09 14:10:59   /favicon.ico
2022/12/09 14:10:59   /impressum.html
2022/12/09 14:10:59   /index.html
2022/12/09 14:10:59  Warning, file too large for caching: /istoolarge.file
2022/12/09 14:10:59   /logo.svg
2022/12/09 14:10:59   /style.css
2022/12/09 14:10:59   /tstsubdir/index2.html
2022/12/09 14:10:59 Starting HTTPS server on :443
2022/12/09 14:10:59 Starting HTTP server on :80
2022/12/09 14:10:59 listen tcp :80: bind: permission denied
2022/12/09 14:11:05 Config:
2022/12/09 14:11:05   base-directory: static
2022/12/09 14:11:05   http-addr: :80
2022/12/09 14:11:05   https-addr: :443
2022/12/09 14:11:05   lets-encrypt-domains: [example.com]
2022/12/09 14:11:05   self-signed-domains: [localhost 127.0.0.1]
2022/12/09 14:11:05   terminate-on-certificate-expiry: false
2022/12/09 14:11:05   certificate-expiry-refresh-threshold: 48h0m0s
2022/12/09 14:11:05   max-request-timeout: 15s
2022/12/09 14:11:05   max-response-timeout: 1m0s
2022/12/09 14:11:05   serve-files-not-in-cache: false
2022/12/09 14:11:05   max-cacheable-file-size: 10485760
2022/12/09 14:11:05   jail-process: true
2022/12/09 14:11:05   log-requests: true
2022/12/09 14:11:05   log-file: server.log
2022/12/09 14:11:05 Checking certificates...
2022/12/09 14:11:05   Created self signed certificate for: localhost
2022/12/09 14:11:06   Created self signed certificate for: 127.0.0.1
2022/12/09 14:11:07   Created self signed certificate for: example.com
2022/12/09 14:11:07 Caching files...
2022/12/09 14:11:07   /SourceSansPro-Bold.ttf
2022/12/09 14:11:07   /SourceSansPro-Regular.ttf
2022/12/09 14:11:07   /favicon.ico
2022/12/09 14:11:07   /impressum.html
2022/12/09 14:11:07   /index.html
2022/12/09 14:11:07  Warning, file too large for caching: /istoolarge.file
2022/12/09 14:11:07   /logo.svg
2022/12/09 14:11:07   /style.css
2022/12/09 14:11:07   /tstsubdir/index2.html
2022/12/09 14:11:07 Starting HTTPS server on :443
2022/12/09 14:11:07 Starting HTTP server on :80
2022/12/09 14:11:07 listen tcp :80: bind: permission denied
2022/12/09 14:53:08 Config:
2022/12/09 14:53:08   base-directory: static
2022/12/09 14:53:08   http-addr: :80
2022/12/09 14:53:08   https-addr: :443
2022/12/09 14:53:08   lets-encrypt-domains: [example.com]
2022/12/09 14:53:08   self-signed-domains: [localhost 127.0.0.1]
2022/12/09 14:53:08   terminate-on-certificate-expiry: false
2022/12/09 14:53:08   certificate-expiry-refresh-threshold: 48h0m0s
2022/12/09 14:53:08   max-request-timeout: 15s
2022/12/09 14:53:08   max-response-timeout: 1m0s
2022/12/09 14:53:08   serve-files-not-in-cache: false
2022/12/09 14:53:08   max-cacheable-file-size: 10485760
2022/12/09 14:53:08   jail-process: true
2022/12/09 14:53:08   log-requests: true
2022/12/09 14:53:08   log-file: server.log
2022/12/09 14:53:08 Checking certificates...
2022/12/09 14:53:08   Created self signed certificate for: localhost
2022/12/09 14:53:08   Created self signed certificate for: 127.0.0.1
2022/12/09 14:53:10   Created self signed certificate for: example.com
2022/12/09 14:53:10 Caching files...
2022/12/09 14:53:10   /SourceSansPro-Bold.ttf
2022/12/09 14:53:10   /SourceSansPro-Regular.ttf
2022/12/09 14:53:10   /favicon.ico
2022/12/09 14:53:10   /impressum.html
2022/12/09 14:53:10   /index.html
2022/12/09 14:53:10  Warning, file too large for caching: /istoolarge.file
2022/12/09 14:53:10   /logo.svg
2022/12/09 14:53:10   /style.css
2022/12/09 14:53:10   /tstsubdir/index2.html
2022/12/09 14:53:10 Starting HTTPS server on :443
2022/12/09 14:53:10 Starting HTTP server on :80
2022/12/09 14:53:10 listen tcp :80: bind: permission denied
2022/12/09 14:54:52 Config:
2022/12/09 14:54:52   base-directory: static
2022/12/09 14:54:52   http-addr: :80
2022/12/09 14:54:52   https-addr: :443
2022/12/09 14:54:52   lets-encrypt-domains: [example.com]
2022/12/09 14:54:52   self-signed-domains: [localhost 127.0.0.1]
2022/12/09 14:54:52   terminate-on-certificate-expiry: false
2022/12/09 14:54:52   certificate-expiry-refresh-threshold: 48h0m0s
2022/12/09 14:54:52   max-request-timeout: 15s
2022/12/09 14:54:52   max-response-timeout: 1m0s
2022/12/09 14:54:52   serve-files-not-in-cache: false
2022/12/09 14:54:52   max-cacheable-file-size: 10485760
2022/12/09 14:54:52   jail-process: true
2022/12/09 14:54:52   log-requests: true
2022/12/09 14:54:52   log-file: server.log
2022/12/09 14:54:52 Checking certificates...
2022/12/09 14:54:52   Created self signed certificate for: localhost
2022/12/09 14:54:52   Created self signed certificate for: 127.0.0.1
2022/12/09 14:54:54   Created self signed certificate for: example.com
2022/12/09 14:54:54 Caching files...
2022/12/09 14:54:54   /SourceSansPro-Bold.ttf
2022/12/09 14:54:54   /SourceSansPro-Regular.ttf
2022/12/09 14:54:54   /favicon.ico
2022/12/09 14:54:54   /impressum.html
2022/12/09 14:54:54   /index.html
2022/12/09 14:54:54  Warning, file too large for caching: /istoolarge.file
2022/12/09 14:54:54   /logo.svg
2022/12/09 14:54:54   /style.css
2022/12/09 14:54:54   /tstsubdir/index2.html
2022/12/09 14:54:54 Starting HTTPS server on :443
2022/12/09 14:54:54 Starting HTTP server on :80
2022/12/09 14:54:54 listen tcp :443: bind: permission denied
2022/12/09 15:39:17 Config:
2022/12/09 15:39:17   base-directory: static
2022/12/09 15:39:17   http-addr: :80
2022/12/09 15:39:17   https-addr: :443
2022/12/09 15:39:17   lets-encrypt-domains: [example.com]
2022/12/09 15:39:17   self-signed-domains: [localhost 127.0.0.1]
2022/12/09 15:39:17   terminate-on-certificate-expiry: false
2022/12/09 15:39:17   certificate-expiry-refresh-threshold: 48h0m0s
2022/12/09 15:39:17   max-request-timeout: 15s
2022/12/09 15:39:17   max-response-timeout: 1m0s
2022/12/09 15:39:17   serve-files-not-in-cache: false
2022/12/09 15:39:17   max-cacheable-file-size: 10485760
2022/12/09 15:39:17   jail-process: true
2022/12/09 15:39:17   jail-directory: jail
2022/12/09 15:39:17   log-requests: true
2022/12/09 15:39:17   log-file: server.log
2022/12/09 15:39:17 Checking certificates...
2022/12/09 15:39:17   Created self signed certificate for: localhost
2022/12/09 15:39:17   Created self signed certificate for: 127.0.0.1
2022/12/09 15:39:19   Created self signed certificate for: example.com
2022/12/09 15:39:19 Caching files...
2022/12/09 15:39:19   /SourceSansPro-Bold.ttf
2022/12/09 15:39:19   /SourceSansPro-Regular.ttf
2022/12/09 15:39:19   /favicon.ico
2022/12/09 15:39:19   /impressum.html
2022/12/09 15:39:19   /index.html
2022/12/09 15:39:19  Warning, file too large for caching: /istoolarge.file
2022/12/09 15:39:19   /logo.svg
2022/12/09 15:39:19   /style.css
2022/12/09 15:39:19   /tstsubdir/index2.html
2022/12/09 15:39:19 Starting HTTPS server on :443
2022/12/09 15:39:19 Starting HTTP server on :80
2022/12/09 15:39:19 listen tcp :80: bind: permission denied
2022/12/09 15:39:42 Config:
2022/12/09 15:39:42   base-directory: static
2022/12/09 15:39:42   http-addr: :80
2022/12/09 15:39:42   https-addr: :443
2022/12/09 15:39:42   lets-encrypt-domains: [example.com]
2022/12/09 15:39:42   self-signed-domains: [localhost 127.0.0.1]
2022/12/09 15:39:42   terminate-on-certificate-expiry: false
2022/12/09 15:39:42   certificate-expiry-refresh-threshold: 48h0m0s
2022/12/09 15:39:42   max-request-timeout: 15s
2022/12/09 15:39:42   max-response-timeout: 1m0s
2022/12/09 15:39:42   serve-files-not-in-cache: false
2022/12/09 15:39:42   max-cacheable-file-size: 10485760
2022/12/09 15:39:42   jail-process: true
2022/12/09 15:39:42   jail-directory: jail
2022/12/09 15:39:42   log-requests: true
2022/12/09 15:39:42   log-file: server.log
2022/12/09 15:39:42 Checking certificates...
2022/12/09 15:39:42   Created self signed certificate for: localhost
2022/12/09 15:39:42   Created self signed certificate for: 127.0.0.1
2022/12/09 15:39:44   Created self signed certificate for: example.com
2022/12/09 15:39:44 Caching files...
2022/12/09 15:39:44   /SourceSansPro-Bold.ttf
2022/12/09 15:39:44   /SourceSansPro-Regular.ttf
2022/12/09 15:39:44   /favicon.ico
2022/12/09 15:39:44   /impressum.html
2022/12/09 15:39:44   /index.html
2022/12/09 15:39:44  Warning, file too large for caching: /istoolarge.file
2022/12/09 15:39:44   /logo.svg
2022/12/09 15:39:44   /style.css
2022/12/09 15:39:44   /tstsubdir/index2.html
2022/12/09 15:39:44 Starting HTTPS server on :443
2022/12/09 15:39:44 Starting HTTP server on :80
2022/12/09 15:39:44 Setting file permissions for jail
2022/12/09 15:39:44 Dropping rights...
2022/12/09 15:39:44 Serving files ...
2022/12/09 15:41:13 Config:
2022/12/09 15:41:13   base-directory: static
2022/12/09 15:41:13   http-addr: :80
2022/12/09 15:41:13   https-addr: :443
2022/12/09 15:41:13   lets-encrypt-domains: [example.com]
2022/12/09 15:41:13   self-signed-domains: [localhost 127.0.0.1]
2022/12/09 15:41:13   terminate-on-certificate-expiry: false
2022/12/09 15:41:13   certificate-expiry-refresh-threshold: 48h0m0s
2022/12/09 15:41:13   max-request-timeout: 15s
2022/12/09 15:41:13   max-response-timeout: 1m0s
2022/12/09 15:41:13   serve-files-not-in-cache: false
2022/12/09 15:41:13   max-cacheable-file-size: 10485760
2022/12/09 15:41:13   jail-process: true
2022/12/09 15:41:13   jail-directory: jail
2022/12/09 15:41:13   log-requests: true
2022/12/09 15:41:13   log-file: server.log
2022/12/09 15:41:13 Checking certificates...
2022/12/09 15:41:13   Created self signed certificate for: localhost
2022/12/09 15:41:13   Created self signed certificate for: 127.0.0.1
2022/12/09 15:41:15   Created self signed certificate for: example.com
2022/12/09 15:41:15 Setting file permissions for web root
2022/12/09 15:41:16 Caching files...
2022/12/09 15:41:16   /SourceSansPro-Bold.ttf
2022/12/09 15:41:16   /SourceSansPro-Regular.ttf
2022/12/09 15:41:16   /favicon.ico
2022/12/09 15:41:16   /impressum.html
2022/12/09 15:41:16   /index.html
2022/12/09 15:41:16  Warning, file too large for caching: /istoolarge.file
2022/12/09 15:41:16   /logo.svg
2022/12/09 15:41:16   /style.css
2022/12/09 15:41:16   /tstsubdir/index2.html
2022/12/09 15:41:16 Starting HTTPS server on :443
2022/12/09 15:41:16 Starting HTTP server on :80
2022/12/09 15:41:16 Setting file permissions for jail
2022/12/09 15:41:16 Dropping rights...
2022/12/09 15:41:16 Serving files ...
2022/12/09 15:45:53 Config:
2022/12/09 15:45:53   base-directory: static
2022/12/09 15:45:53   http-addr: :80
2022/12/09 15:45:53   https-addr: :443
2022/12/09 15:45:53   lets-encrypt-domains: [example.com]
2022/12/09 15:45:53   self-signed-domains: [localhost 127.0.0.1]
2022/12/09 15:45:53   terminate-on-certificate-expiry: false
2022/12/09 15:45:53   certificate-expiry-refresh-threshold: 48h0m0s
2022/12/09 15:45:53   max-request-timeout: 15s
2022/12/09 15:45:53   max-response-timeout: 1m0s
2022/12/09 15:45:53   serve-files-not-in-cache: false
2022/12/09 15:45:53   max-cacheable-file-size: 10485760
2022/12/09 15:45:53   jail-process: true
2022/12/09 15:45:53   jail-directory: jail
2022/12/09 15:45:53   log-requests: true
2022/12/09 15:45:53   log-file: server.log
2022/12/09 15:45:53 Checking certificates...
2022/12/09 15:45:53   Created self signed certificate for: localhost
2022/12/09 15:45:53   Created self signed certificate for: 127.0.0.1
2022/12/09 15:45:55   Created self signed certificate for: example.com
2022/12/09 15:45:55 Setting file permissions for web root
2022/12/09 15:45:55 Caching files...
2022/12/09 15:45:55   /SourceSansPro-Bold.ttf
2022/12/09 15:45:55   /SourceSansPro-Regular.ttf
2022/12/09 15:45:55   /favicon.ico
2022/12/09 15:45:55   /impressum.html
2022/12/09 15:45:55   /index.html
2022/12/09 15:45:55  Warning, file too large for caching: /istoolarge.file
2022/12/09 15:45:55   /logo.svg
2022/12/09 15:45:55   /style.css
2022/12/09 15:45:55   /tstsubdir/index2.html
2022/12/09 15:45:55 Starting HTTPS server on :443
2022/12/09 15:45:55 Starting HTTP server on :80
2022/12/09 15:45:55 Setting file permissions for jail
2022/12/09 15:45:55 Dropping rights...
2022/12/09 15:45:55 Serving files ...
2022/12/09 15:48:41 Config:
2022/12/09 15:48:41   base-directory: static
2022/12/09 15:48:41   http-addr: :80
2022/12/09 15:48:41   https-addr: :443
2022/12/09 15:48:41   lets-encrypt-domains: [example.com]
2022/12/09 15:48:41   self-signed-domains: [localhost 127.0.0.1]
2022/12/09 15:48:41   terminate-on-certificate-expiry: false
2022/12/09 15:48:41   certificate-expiry-refresh-threshold: 48h0m0s
2022/12/09 15:48:41   max-request-timeout: 15s
2022/12/09 15:48:41   max-response-timeout: 1m0s
2022/12/09 15:48:41   serve-files-not-in-cache: false
2022/12/09 15:48:41   max-cacheable-file-size: 10485760
2022/12/09 15:48:41   jail-process: true
2022/12/09 15:48:41   jail-directory: jail
2022/12/09 15:48:41   log-requests: true
2022/12/09 15:48:41   log-file: server.log
2022/12/09 15:48:41 Checking certificates...
2022/12/09 15:48:41   Created self signed certificate for: localhost
2022/12/09 15:48:41   Created self signed certificate for: 127.0.0.1
2022/12/09 15:48:43   Created self signed certificate for: example.com
2022/12/09 15:48:43 Setting file permissions for web root
2022/12/09 15:48:43 Caching files...
2022/12/09 15:48:43   /SourceSansPro-Bold.ttf
2022/12/09 15:48:43   /SourceSansPro-Regular.ttf
2022/12/09 15:48:43   /favicon.ico
2022/12/09 15:48:43   /impressum.html
2022/12/09 15:48:43   /index.html
2022/12/09 15:48:43  Warning, file too large for caching: /istoolarge.file
2022/12/09 15:48:43   /logo.svg
2022/12/09 15:48:43   /style.css
2022/12/09 15:48:43   /tstsubdir/index2.html
2022/12/09 15:48:43 Starting HTTPS server on :443
2022/12/09 15:48:43 Starting HTTP server on :80
2022/12/09 15:48:43 Setting file permissions for jail
2022/12/09 15:48:43 Going to jail
2022/12/09 15:48:43 Dropping rights
2022/12/09 15:48:43 Serving files ...
2022/12/09 16:17:12 Config:
2022/12/09 16:17:12   base-directory: static
2022/12/09 16:17:12   http-addr: :80
2022/12/09 16:17:12   https-addr: :443
2022/12/09 16:17:12   lets-encrypt-domains: [example.com]
2022/12/09 16:17:12   self-signed-domains: [localhost 127.0.0.1]
2022/12/09 16:17:12   terminate-on-certificate-expiry: false
2022/12/09 16:17:12   certificate-expiry-refresh-threshold: 48h0m0s
2022/12/09 16:17:12   max-request-timeout: 15s
2022/12/09 16:17:12   max-response-timeout: 1m0s
2022/12/09 16:17:12   serve-files-not-in-cache: false
2022/12/09 16:17:12   max-cacheable-file-size: 10485760
2022/12/09 16:17:12   jail-process: true
2022/12/09 16:17:12   jail-directory: jail
2022/12/09 16:17:12   log-requests: true
2022/12/09 16:17:12   log-file: server.log
2022/12/09 16:17:12 Checking certificates...
2022/12/09 16:17:12   Created self signed certificate for: localhost
2022/12/09 16:17:12   Created self signed certificate for: 127.0.0.1
2022/12/09 16:17:14   Created self signed certificate for: example.com
2022/12/09 16:17:14 Setting file permissions for web root
2022/12/09 16:17:14 Caching files...
2022/12/09 16:17:14   /SourceSansPro-Bold.ttf
2022/12/09 16:17:14   /SourceSansPro-Regular.ttf
2022/12/09 16:17:14   /favicon.ico
2022/12/09 16:17:14   /impressum.html
2022/12/09 16:17:14   /index.html
2022/12/09 16:17:14  Warning, file too large for caching: /istoolarge.file
2022/12/09 16:17:14   /logo.svg
2022/12/09 16:17:14   /style.css
2022/12/09 16:17:14   /tstsubdir/index2.html
2022/12/09 16:17:14 Starting HTTPS server on :443
2022/12/09 16:17:14 Starting HTTP server on :80
2022/12/09 16:17:14 Setting file permissions for jail
2022/12/09 16:17:14 Going to jail
2022/12/09 16:17:14 Dropping rights
2022/12/09 16:17:14 Serving files ...
2022/12/09 16:20:58 Config:
2022/12/09 16:20:58   base-directory: static
2022/12/09 16:20:58   http-addr: :80
2022/12/09 16:20:58   https-addr: :443
2022/12/09 16:20:58   lets-encrypt-domains: [example.com]
2022/12/09 16:20:58   self-signed-domains: [localhost 127.0.0.1]
2022/12/09 16:20:58   terminate-on-certificate-expiry: false
2022/12/09 16:20:58   certificate-expiry-refresh-threshold: 48h0m0s
2022/12/09 16:20:58   max-request-timeout: 15s
2022/12/09 16:20:58   max-response-timeout: 1m0s
2022/12/09 16:20:58   serve-files-not-in-cache: false
2022/12/09 16:20:58   max-cacheable-file-size: 10485760
2022/12/09 16:20:58   jail-process: true
2022/12/09 16:20:58   jail-directory: jail
2022/12/09 16:20:58   log-requests: true
2022/12/09 16:20:58   log-file: server.log
2022/12/09 16:20:58 Checking certificates...
2022/12/09 16:20:59   Created self signed certificate for: localhost
2022/12/09 16:20:59   Created self signed certificate for: 127.0.0.1
2022/12/09 16:21:00   Created self signed certificate for: example.com
2022/12/09 16:21:00 Setting file permissions for web root
2022/12/09 16:21:01 Caching files...
2022/12/09 16:21:01   /SourceSansPro-Bold.ttf
2022/12/09 16:21:01   /SourceSansPro-Regular.ttf
2022/12/09 16:21:01   /favicon.ico
2022/12/09 16:21:01   /impressum.html
2022/12/09 16:21:01   /index.html
2022/12/09 16:21:01  Warning, file too large for caching: /istoolarge.file
2022/12/09 16:21:01   /logo.svg
2022/12/09 16:21:01   /style.css
2022/12/09 16:21:01   /tstsubdir/index2.html
2022/12/09 16:21:01 Starting HTTPS server on :443
2022/12/09 16:21:01 Starting HTTP server on :80
2022/12/09 16:21:01 Base directory (web root) is not inside the jail. Cannot serve files above the max-cacheable-file-size
2022/12/09 16:21:01 Setting file permissions for jail
2022/12/09 16:21:01 Going to jail
2022/12/09 16:21:01 Dropping rights
2022/12/09 16:21:01 Serving files ...
2022/12/09 16:26:58 Configuration file config.yaml does not exist. Creating the file...
2022/12/09 16:26:58 Done.
2022/12/09 16:26:58 Config:
2022/12/09 16:26:58   base-directory: jail/www_static
2022/12/09 16:26:58   http-addr: :80
2022/12/09 16:26:58   https-addr: :443
2022/12/09 16:26:58   lets-encrypt-domains: [example.com]
2022/12/09 16:26:58   self-signed-domains: [localhost 127.0.0.1]
2022/12/09 16:26:58   terminate-on-certificate-expiry: false
2022/12/09 16:26:58   certificate-expiry-refresh-threshold: 48h0m0s
2022/12/09 16:26:58   max-request-timeout: 15s
2022/12/09 16:26:58   max-response-timeout: 1m0s
2022/12/09 16:26:58   serve-files-not-in-cache: false
2022/12/09 16:26:58   max-cacheable-file-size: 10485760
2022/12/09 16:26:58   jail-process: true
2022/12/09 16:26:58   jail-directory: jail
2022/12/09 16:26:58   log-requests: true
2022/12/09 16:26:58   log-file: server.log
2022/12/09 16:26:58 Checking certificates...
2022/12/09 16:26:58   Created self signed certificate for: localhost
2022/12/09 16:26:58   Created self signed certificate for: 127.0.0.1
2022/12/09 16:27:00   Created self signed certificate for: example.com
2022/12/09 16:27:00 Setting file permissions for web root
2022/12/09 16:27:00 Caching files...
2022/12/09 16:27:00   /SourceSansPro-Bold.ttf
2022/12/09 16:27:00   /SourceSansPro-Regular.ttf
2022/12/09 16:27:00   /favicon.ico
2022/12/09 16:27:00   /impressum.html
2022/12/09 16:27:00   /index.html
2022/12/09 16:27:00  Warning, file too large for caching: /istoolarge.file
2022/12/09 16:27:00   /logo.svg
2022/12/09 16:27:00   /style.css
2022/12/09 16:27:00   /tstsubdir/index2.html
2022/12/09 16:27:00 Starting HTTPS server on :443
2022/12/09 16:27:00 Starting HTTP server on :80
2022/12/09 16:27:00 Base directory (web root) is inside the jail. Changing jail/www_static to /www_static
2022/12/09 16:27:00 Setting file permissions for jail
2022/12/09 16:27:00 Going to jail
2022/12/09 16:27:00 Dropping rights
2022/12/09 16:27:00 Serving files ...
2022/12/09 16:27:38 http: TLS handshake error from [::1]:43082: remote error: tls: unknown certificate
2022/12/09 16:27:43 http: TLS handshake error from [::1]:43086: remote error: tls: unknown certificate
2022/12/09 16:27:50 http: TLS handshake error from [::1]:57454: remote error: tls: unknown certificate
2022/12/09 16:27:52 http: TLS handshake error from [::1]:57466: remote error: tls: unknown certificate
2022/12/09 16:27:52 Request: [::1]:57472  /
2022/12/09 16:27:52 Request: [::1]:57472  /style.css
2022/12/09 16:27:52 Request: [::1]:57472  /logo.svg
2022/12/09 16:27:52 Request: [::1]:57472  /favicon.ico
2022/12/09 16:28:02 Request: [::1]:57472  /istoolarge.file
2022/12/09 16:28:02 File not found: /istoolarge.file
2022/12/09 16:29:46 Config:
2022/12/09 16:29:46   base-directory: jail/www_static
2022/12/09 16:29:46   http-addr: :80
2022/12/09 16:29:46   https-addr: :443
2022/12/09 16:29:46   lets-encrypt-domains: [example.com]
2022/12/09 16:29:46   self-signed-domains: [localhost 127.0.0.1]
2022/12/09 16:29:46   terminate-on-certificate-expiry: false
2022/12/09 16:29:46   certificate-expiry-refresh-threshold: 48h0m0s
2022/12/09 16:29:46   max-request-timeout: 15s
2022/12/09 16:29:46   max-response-timeout: 1m0s
2022/12/09 16:29:46   serve-files-not-in-cache: true
2022/12/09 16:29:46   max-cacheable-file-size: 10485760
2022/12/09 16:29:46   jail-process: true
2022/12/09 16:29:46   jail-directory: jail
2022/12/09 16:29:46   log-requests: true
2022/12/09 16:29:46   log-file: server.log
2022/12/09 16:29:46 Checking certificates...
2022/12/09 16:29:46   Created self signed certificate for: localhost
2022/12/09 16:29:46   Created self signed certificate for: 127.0.0.1
2022/12/09 16:29:48   Created self signed certificate for: example.com
2022/12/09 16:29:48 Setting file permissions for web root
2022/12/09 16:29:48 Caching files...
2022/12/09 16:29:48   /SourceSansPro-Bold.ttf
2022/12/09 16:29:48   /SourceSansPro-Regular.ttf
2022/12/09 16:29:48   /favicon.ico
2022/12/09 16:29:48   /impressum.html
2022/12/09 16:29:48   /index.html
2022/12/09 16:29:48  Warning, file too large for caching: /istoolarge.file
2022/12/09 16:29:48   /logo.svg
2022/12/09 16:29:48   /style.css
2022/12/09 16:29:48   /tstsubdir/index2.html
2022/12/09 16:29:48 Starting HTTPS server on :443
2022/12/09 16:29:48 Starting HTTP server on :80
2022/12/09 16:29:48 Base directory (web root) is inside the jail. Changing jail/www_static to /www_static
2022/12/09 16:29:48 Setting file permissions for jail
2022/12/09 16:29:48 Going to jail
2022/12/09 16:29:48 Dropping rights
2022/12/09 16:29:48 Serving files ...
2022/12/09 16:29:57 http: TLS handshake error from [::1]:50512: remote error: tls: unknown certificate
2022/12/09 16:29:59 http: TLS handshake error from [::1]:50518: remote error: tls: unknown certificate
2022/12/09 16:29:59 Request: [::1]:50528  /
2022/12/09 16:29:59 Request: [::1]:50528  /style.css
2022/12/09 16:29:59 Request: [::1]:50528  /logo.svg
2022/12/09 16:29:59 Request: [::1]:50528  /favicon.ico
2022/12/09 16:30:06 Request: [::1]:50528  /istoolarge.file
2022/12/09 16:39:26 Configuration file config.yaml does not exist. Creating the file...
2022/12/09 16:39:26 Done.
2022/12/09 16:39:26 Config:
2022/12/09 16:39:26   base-directory: jail/www_static
2022/12/09 16:39:26   http-addr: :80
2022/12/09 16:39:26   https-addr: :443
2022/12/09 16:39:26   lets-encrypt-domains: [example.com]
2022/12/09 16:39:26   self-signed-domains: [localhost 127.0.0.1]
2022/12/09 16:39:26   terminate-on-certificate-expiry: false
2022/12/09 16:39:26   certificate-expiry-refresh-threshold: 48h0m0s
2022/12/09 16:39:26   max-request-timeout: 15s
2022/12/09 16:39:26   max-response-timeout: 1m0s
2022/12/09 16:39:26   serve-files-not-in-cache: true
2022/12/09 16:39:26   max-cacheable-file-size: 1048576
2022/12/09 16:39:26   jail-process: true
2022/12/09 16:39:26   jail-directory: jail
2022/12/09 16:39:26   log-requests: true
2022/12/09 16:39:26   log-file: server.log
2022/12/09 16:39:26 Checking certificates...
2022/12/09 16:39:26   Created self signed certificate for: localhost
2022/12/09 16:39:26   Created self signed certificate for: 127.0.0.1
2022/12/09 16:39:28   Created self signed certificate for: example.com
2022/12/09 16:39:28 Setting file permissions for web root
2022/12/09 16:39:28 Caching files...
2022/12/09 16:39:28   /SourceSansPro-Bold.ttf
2022/12/09 16:39:28   /SourceSansPro-Regular.ttf
2022/12/09 16:39:28   /favicon.ico
2022/12/09 16:39:28   /impressum.html
2022/12/09 16:39:28   /index.html
2022/12/09 16:39:28  Warning, file too large for caching: /istoolarge.file
2022/12/09 16:39:28   /logo.svg
2022/12/09 16:39:28   /style.css
2022/12/09 16:39:28   /tstsubdir/index2.html
2022/12/09 16:39:28 Starting HTTPS server on :443
2022/12/09 16:39:28 Starting HTTP server on :80
2022/12/09 16:39:28 Base directory (web root) is inside the jail. Changing jail/www_static to /www_static
2022/12/09 16:39:28 Setting file permissions for jail
2022/12/09 16:39:28 Going to jail
2022/12/09 16:39:28 Dropping rights
2022/12/09 16:39:28 Serving files ...
2022/12/09 16:49:13 Config:
2022/12/09 16:49:13   base-directory: jail/www_static
2022/12/09 16:49:13   http-addr: :80
2022/12/09 16:49:13   https-addr: :443
2022/12/09 16:49:13   lets-encrypt-domains: [example.com]
2022/12/09 16:49:13   self-signed-domains: [localhost 127.0.0.1]
2022/12/09 16:49:13   terminate-on-certificate-expiry: false
2022/12/09 16:49:13   certificate-expiry-refresh-threshold: 48h0m0s
2022/12/09 16:49:13   max-request-timeout: 15s
2022/12/09 16:49:13   max-response-timeout: 1m0s
2022/12/09 16:49:13   serve-files-not-in-cache: true
2022/12/09 16:49:13   max-cacheable-file-size: 1048576
2022/12/09 16:49:13   jail-process: true
2022/12/09 16:49:13   jail-directory: jail
2022/12/09 16:49:13   log-requests: true
2022/12/09 16:49:13   log-file: server.log
2022/12/09 16:49:13 Checking certificates...
2022/12/09 16:49:13   Created self signed certificate for: localhost
2022/12/09 16:49:13   Created self signed certificate for: 127.0.0.1
2022/12/09 16:49:15   Created self signed certificate for: example.com
2022/12/09 16:49:15 Setting file permissions for web root
2022/12/09 16:49:15 Caching files...
2022/12/09 16:49:15   /SourceSansPro-Bold.ttf
2022/12/09 16:49:15   /SourceSansPro-Regular.ttf
2022/12/09 16:49:15   /favicon.ico
2022/12/09 16:49:15   /impressum.html
2022/12/09 16:49:15   /index.html
2022/12/09 16:49:15  Warning, file too large for caching: /istoolarge.file
2022/12/09 16:49:15   /logo.svg
2022/12/09 16:49:15   /style.css
2022/12/09 16:49:15   /tstsubdir/index2.html
2022/12/09 16:49:15 Starting HTTPS server on :443
2022/12/09 16:49:15 Starting HTTP server on :80
2022/12/09 16:49:15 Base directory (web root) is inside the jail. Changing jail/www_static to /www_static
2022/12/09 16:49:15 Setting file permissions for jail
2022/12/09 16:49:15 Going to jail
2022/12/09 16:49:15 Dropping rights
2022/12/09 16:49:15 Serving files ...
2022/12/09 16:59:11 Configuration file config.yaml does not exist. Creating the file...
2022/12/09 16:59:11 Done.
2022/12/09 16:59:11 Config:
2022/12/09 16:59:11   web-root-directory: jail/www_static
2022/12/09 16:59:11   http-addr: :80
2022/12/09 16:59:11   https-addr: :443
2022/12/09 16:59:11   lets-encrypt-domains: [example.com]
2022/12/09 16:59:11   self-signed-domains: [localhost 127.0.0.1]
2022/12/09 16:59:11   terminate-on-certificate-expiry: false
2022/12/09 16:59:11   certificate-expiry-refresh-threshold: 48h0m0s
2022/12/09 16:59:11   max-request-timeout: 15s
2022/12/09 16:59:11   max-response-timeout: 1m0s
2022/12/09 16:59:11   serve-files-not-in-cache: true
2022/12/09 16:59:11   max-cacheable-file-size: 1048576
2022/12/09 16:59:11   jail-process: true
2022/12/09 16:59:11   jail-directory: jail
2022/12/09 16:59:11   log-requests: true
2022/12/09 16:59:11   log-file: server.log
2022/12/09 16:59:11 Checking certificates...
2022/12/09 16:59:11   Created self signed certificate for: localhost
2022/12/09 16:59:11   Created self signed certificate for: 127.0.0.1
2022/12/09 16:59:13   Created self signed certificate for: example.com
2022/12/09 16:59:13 Setting file permissions for web root
2022/12/09 16:59:13 Caching files...
2022/12/09 16:59:13   /SourceSansPro-Bold.ttf
2022/12/09 16:59:13   /SourceSansPro-Regular.ttf
2022/12/09 16:59:13   /favicon.ico
2022/12/09 16:59:13   /impressum.html
2022/12/09 16:59:13   /index.html
2022/12/09 16:59:13  Warning, file too large for caching: /istoolarge.file
2022/12/09 16:59:13   /logo.svg
2022/12/09 16:59:13   /style.css
2022/12/09 16:59:13   /tstsubdir/index2.html
2022/12/09 16:59:13 Starting HTTPS server on :443
2022/12/09 16:59:13 Starting HTTP server on :80
2022/12/09 16:59:13 Base directory (web root) is inside the jail. Changing jail/www_static to /www_static
2022/12/09 16:59:13 Setting file permissions for jail
2022/12/09 16:59:13 Going to jail
2022/12/09 16:59:13 Dropping rights
2022/12/09 16:59:13 Serving files ...
2022/12/09 17:06:13 Configuration file config.yaml does not exist. Creating the file...
2022/12/09 17:06:13 Done.
2022/12/09 17:06:13 Config:
2022/12/09 17:06:13   web-root-directory: jail/www_static
2022/12/09 17:06:13   http-addr: :80
2022/12/09 17:06:13   https-addr: :443
2022/12/09 17:06:13   lets-encrypt-domains: [example.com]
2022/12/09 17:06:13   self-signed-domains: [localhost 127.0.0.1]
2022/12/09 17:06:13   certificate-cache-directory: certcache
2022/12/09 17:06:13   terminate-on-certificate-expiry: false
2022/12/09 17:06:13   certificate-expiry-refresh-threshold: 48h0m0s
2022/12/09 17:06:13   max-request-timeout: 15s
2022/12/09 17:06:13   max-response-timeout: 1m0s
2022/12/09 17:06:13   serve-files-not-in-cache: true
2022/12/09 17:06:13   max-cacheable-file-size: 1048576
2022/12/09 17:06:13   jail-process: true
2022/12/09 17:06:13   jail-directory: jail
2022/12/09 17:06:13   log-requests: true
2022/12/09 17:06:13   log-file: server.log
2022/12/09 17:06:13 Checking certificates...
2022/12/09 17:06:13   Created self signed certificate for: localhost
2022/12/09 17:06:13   Created self signed certificate for: 127.0.0.1
2022/12/09 17:06:15   Created self signed certificate for: example.com
2022/12/09 17:06:15 Setting file permissions for web root
2022/12/09 17:06:15 Caching files...
2022/12/09 17:06:15   /SourceSansPro-Bold.ttf
2022/12/09 17:06:15   /SourceSansPro-Regular.ttf
2022/12/09 17:06:15   /favicon.ico
2022/12/09 17:06:15   /impressum.html
2022/12/09 17:06:15   /index.html
2022/12/09 17:06:15  Warning, file too large for caching: /istoolarge.file
2022/12/09 17:06:15   /logo.svg
2022/12/09 17:06:15   /style.css
2022/12/09 17:06:15   /tstsubdir/index2.html
2022/12/09 17:06:15 Starting HTTPS server on :443
2022/12/09 17:06:15 Starting HTTP server on :80
2022/12/09 17:06:15 Base directory (web root) is inside the jail. Changing jail/www_static to /www_static
2022/12/09 17:06:15 Setting file permissions for jail
2022/12/09 17:06:15 Going to jail
2022/12/09 17:06:15 Dropping rights
2022/12/09 17:06:15 Serving files ...
